<?xml version="1.0" encoding="UTF-8"?>
<!-- Generated by org.testng.reporters.JUnitReportReporter -->
<testsuite hostname="shupan-zhihuiya" name="com.patsnap.test.automation.testcase.Zhihuiya_testcase" tests="1" failures="0" timestamp="22 Apr 2014 07:29:24 GMT" time="36.708" errors="0">
  <testcase name="fieldSearch" time="36.708" classname="com.patsnap.test.automation.testcase.Zhihuiya_testcase"/>
</testsuite> <!-- com.patsnap.test.automation.testcase.Zhihuiya_testcase -->
