<?xml version="1.0" encoding="UTF-8"?>
<!-- Generated by org.testng.reporters.JUnitReportReporter -->
<testsuite hostname="aaron-PC" name="Zhihuiya_regressionTest" tests="1" failures="0" timestamp="15 Aug 2014 03:57:01 GMT" time="501.957" errors="0">
  <testcase name="export_pat_358" time="501.957" classname="Zhihuiya_regressionTest"/>
</testsuite> <!-- Zhihuiya_regressionTest -->
