<?xml version="1.0" encoding="UTF-8"?>
<!-- Generated by org.testng.reporters.JUnitReportReporter -->
<testsuite hostname="NHSHITNB72370" name="org.hq.autotest.JavaExample" tests="2" failures="0" timestamp="25 Feb 2014 08:25:31 GMT" time="0.004" errors="0">
  <testcase name="testCase1" time="0.001" classname="org.hq.autotest.JavaExample"/>
  <testcase name="testCase2" time="0.003" classname="org.hq.autotest.JavaExample"/>
</testsuite> <!-- org.hq.autotest.JavaExample -->
